android/app/build/outputs/logs/manifest-merger-debug-report.txt
-- Merging decision tree log ---
manifest
ADDED from src/main/AndroidManifest.xml:1:1-26:12
	package
		ADDED from src/main/AndroidManifest.xml:2:5-24
		INJECTED from src/main/AndroidManifest.xml
		INJECTED from src/main/AndroidManifest.xml
	android:versionName
		INJECTED from src/main/AndroidManifest.xml
		INJECTED from src/main/AndroidManifest.xml
	xmlns:android
		ADDED from src/main/AndroidManifest.xml:1:11-69
	android:versionCode
		INJECTED from src/main/AndroidManifest.xml
		INJECTED from src/main/AndroidManifest.xml
uses-permission#android.permission.INTERNET
ADDED from src/main/AndroidManifest.xml:4:5-67
MERGED from [com.google.firebase:firebase-analytics:11.0.4] AndroidManifest.xml:20:5-66
MERGED from [com.google.firebase:firebase-analytics-impl:11.0.4] AndroidManifest.xml:20:5-66
MERGED from [com.google.firebase:firebase-iid:11.0.4] AndroidManifest.xml:20:5-66
	android:name
		ADDED from src/main/AndroidManifest.xml:4:22-64
uses-permission#android.permission.SYSTEM_ALERT_WINDOW
ADDED from src/main/AndroidManifest.xml:5:5-77
MERGED from [com.facebook.react:react-native:0.54.2] AndroidManifest.xml:11:5-78
	android:name
		ADDED from src/main/AndroidManifest.xml:5:22-75
application
ADDED from src/main/AndroidManifest.xml:7:5-24:19
MERGED from [NIBVA:react-native-background-task:unspecified] AndroidManifest.xml:11:5-15:19
MERGED from [com.evernote:android-job:1.1.11] AndroidManifest.xml:16:5-58:19
MERGED from [com.google.android.gms:play-services-auth:11.0.4] AndroidManifest.xml:19:5-25:19
MERGED from [com.google.android.gms:play-services-base:11.0.4] AndroidManifest.xml:18:5-20:19
MERGED from [com.facebook.react:react-native:0.54.2] AndroidManifest.xml:13:5-20
MERGED from [com.android.support:appcompat-v7:23.0.1] AndroidManifest.xml:22:5-20
MERGED from [com.facebook.soloader:soloader:0.1.0] AndroidManifest.xml:3:3-17
MERGED from [org.webkit:android-jsc:r174650] AndroidManifest.xml:2:3-17
MERGED from [com.google.firebase:firebase-core:11.0.4] AndroidManifest.xml:5:5-20
MERGED from [com.google.firebase:firebase-analytics:11.0.4] AndroidManifest.xml:24:5-34:19
MERGED from [com.google.firebase:firebase-analytics-impl:11.0.4] AndroidManifest.xml:24:5-28:19
MERGED from [com.google.firebase:firebase-iid:11.0.4] AndroidManifest.xml:28:5-49:19
MERGED from [com.google.firebase:firebase-common:11.0.4] AndroidManifest.xml:4:5-7:19
MERGED from [com.google.android.gms:play-services-tasks:11.0.4] AndroidManifest.xml:4:5-19
MERGED from [com.google.android.gms:play-services-basement:11.0.4] AndroidManifest.xml:19:5-21:19
MERGED from [com.android.support:support-v4:25.2.0] AndroidManifest.xml:25:5-20
MERGED from [com.android.support:support-fragment:25.2.0] AndroidManifest.xml:25:5-20
MERGED from [com.android.support:support-media-compat:25.2.0] AndroidManifest.xml:25:5-20
MERGED from [com.android.support:support-core-ui:25.2.0] AndroidManifest.xml:25:5-20
MERGED from [com.android.support:support-core-utils:25.2.0] AndroidManifest.xml:25:5-20
MERGED from [com.android.support:support-compat:25.2.0] AndroidManifest.xml:25:5-20
	android:label
		ADDED from src/main/AndroidManifest.xml:9:7-39
	tools:ignore
		ADDED from [com.evernote:android-job:1.1.11] AndroidManifest.xml:16:18-44
	android:allowBackup
		ADDED from src/main/AndroidManifest.xml:11:7-34
	android:icon
		ADDED from src/main/AndroidManifest.xml:10:7-41
	android:theme
		ADDED from src/main/AndroidManifest.xml:12:7-38
	android:name
		ADDED from src/main/AndroidManifest.xml:8:7-38
activity#com.nibva.MainActivity
ADDED from src/main/AndroidManifest.xml:13:7-22:18
	android:label
		ADDED from src/main/AndroidManifest.xml:15:9-41
	android:windowSoftInputMode
		ADDED from src/main/AndroidManifest.xml:17:9-51
	android:configChanges
		ADDED from src/main/AndroidManifest.xml:16:9-79
	android:name
		ADDED from src/main/AndroidManifest.xml:14:9-37
intent-filter#android.intent.action.MAIN+android.intent.category.LAUNCHER
ADDED from src/main/AndroidManifest.xml:18:9-21:25
action#android.intent.action.MAIN
ADDED from src/main/AndroidManifest.xml:19:13-65
	android:name
		ADDED from src/main/AndroidManifest.xml:19:21-62
category#android.intent.category.LAUNCHER
ADDED from src/main/AndroidManifest.xml:20:13-73
	android:name
		ADDED from src/main/AndroidManifest.xml:20:23-70
activity#com.facebook.react.devsupport.DevSettingsActivity
ADDED from src/main/AndroidManifest.xml:23:7-84
	android:name
		ADDED from src/main/AndroidManifest.xml:23:17-81
uses-sdk
INJECTED from src/main/AndroidManifest.xml reason: use-sdk injection requested
MERGED from [NIBVA:react-native-background-task:unspecified] AndroidManifest.xml:7:5-9:41
MERGED from [com.evernote:android-job:1.1.11] AndroidManifest.xml:8:5-10:41
MERGED from [net.vrallev.android:cat:1.0.5] AndroidManifest.xml:7:5-9:41
MERGED from [NIBVA:react-native-google-signin:unspecified] AndroidManifest.xml:7:5-9:41
MERGED from [com.google.android.gms:play-services-auth:11.0.4] AndroidManifest.xml:17:5-43
MERGED from [com.google.android.gms:play-services-auth-base:11.0.4] AndroidManifest.xml:4:5-43
MERGED from [com.google.android.gms:play-services-base:11.0.4] AndroidManifest.xml:17:5-43
MERGED from [NIBVA:react-native-ble-manager:unspecified] AndroidManifest.xml:5:5-44
MERGED from [com.facebook.react:react-native:0.54.2] AndroidManifest.xml:7:5-9:41
MERGED from [com.android.support:appcompat-v7:23.0.1] AndroidManifest.xml:20:5-43
MERGED from [com.facebook.fbui.textlayoutbuilder:textlayoutbuilder:1.0.0] AndroidManifest.xml:14:5-16:41
MERGED from [com.facebook.fresco:fresco:1.3.0] AndroidManifest.xml:5:5-7:41
MERGED from [com.facebook.fresco:drawee:1.3.0] AndroidManifest.xml:5:5-7:41
MERGED from [com.facebook.fresco:imagepipeline-okhttp3:1.3.0] AndroidManifest.xml:5:5-7:41
MERGED from [com.facebook.fresco:imagepipeline:1.3.0] AndroidManifest.xml:5:5-7:41
MERGED from [com.facebook.fresco:imagepipeline-base:1.3.0] AndroidManifest.xml:5:5-7:41
MERGED from [com.facebook.fresco:fbcore:1.3.0] AndroidManifest.xml:5:5-7:41
MERGED from [com.facebook.soloader:soloader:0.1.0] AndroidManifest.xml:2:3-70
MERGED from [com.google.firebase:firebase-core:11.0.4] AndroidManifest.xml:4:5-43
MERGED from [com.google.firebase:firebase-analytics:11.0.4] AndroidManifest.xml:17:5-43
MERGED from [com.google.firebase:firebase-analytics-impl:11.0.4] AndroidManifest.xml:17:5-43
MERGED from [com.google.firebase:firebase-iid:11.0.4] AndroidManifest.xml:17:5-43
MERGED from [com.google.firebase:firebase-common:11.0.4] AndroidManifest.xml:3:5-43
MERGED from [com.google.android.gms:play-services-tasks:11.0.4] AndroidManifest.xml:3:5-43
MERGED from [com.google.android.gms:play-services-basement:11.0.4] AndroidManifest.xml:17:5-43
MERGED from [com.android.support:support-v4:25.2.0] AndroidManifest.xml:21:5-23:54
MERGED from [com.android.support:support-fragment:25.2.0] AndroidManifest.xml:21:5-23:60
MERGED from [com.android.support:support-media-compat:25.2.0] AndroidManifest.xml:21:5-23:63
MERGED from [com.android.support:support-core-ui:25.2.0] AndroidManifest.xml:21:5-23:58
MERGED from [com.android.support:support-core-utils:25.2.0] AndroidManifest.xml:21:5-23:61
MERGED from [com.android.support:support-compat:25.2.0] AndroidManifest.xml:21:5-23:58
	tools:overrideLibrary
		ADDED from [com.android.support:support-v4:25.2.0] AndroidManifest.xml:23:9-51
	android:targetSdkVersion
		INJECTED from src/main/AndroidManifest.xml
		INJECTED from src/main/AndroidManifest.xml
	android:minSdkVersion
		INJECTED from src/main/AndroidManifest.xml
		INJECTED from src/main/AndroidManifest.xml
service#com.jamesisaac.rnbackgroundtask.HeadlessTaskService
ADDED from [NIBVA:react-native-background-task:unspecified] AndroidManifest.xml:12:9-14:38
	android:enabled
		ADDED from [NIBVA:react-native-background-task:unspecified] AndroidManifest.xml:14:13-35
	android:name
		ADDED from [NIBVA:react-native-background-task:unspecified] AndroidManifest.xml:13:13-79
uses-permission#android.permission.WAKE_LOCK
ADDED from [com.evernote:android-job:1.1.11] AndroidManifest.xml:12:5-68
MERGED from [com.google.firebase:firebase-analytics:11.0.4] AndroidManifest.xml:22:5-67
MERGED from [com.google.firebase:firebase-analytics-impl:11.0.4] AndroidManifest.xml:22:5-67
MERGED from [com.google.firebase:firebase-iid:11.0.4] AndroidManifest.xml:21:5-67
	android:name
		ADDED from [com.evernote:android-job:1.1.11] AndroidManifest.xml:12:22-65
uses-permission#android.permission.ACCESS_NETWORK_STATE
ADDED from [com.evernote:android-job:1.1.11] AndroidManifest.xml:13:5-79
MERGED from [com.google.firebase:firebase-analytics:11.0.4] AndroidManifest.xml:21:5-78
MERGED from [com.google.firebase:firebase-analytics-impl:11.0.4] AndroidManifest.xml:21:5-78
MERGED from [com.google.firebase:firebase-iid:11.0.4] AndroidManifest.xml:19:5-78
	android:name
		ADDED from [com.evernote:android-job:1.1.11] AndroidManifest.xml:13:22-76
uses-permission#android.permission.RECEIVE_BOOT_COMPLETED
ADDED from [com.evernote:android-job:1.1.11] AndroidManifest.xml:14:5-81
	android:name
		ADDED from [com.evernote:android-job:1.1.11] AndroidManifest.xml:14:22-78
service#com.evernote.android.job.v21.PlatformJobService
ADDED from [com.evernote:android-job:1.1.11] AndroidManifest.xml:17:9-20:72
	android:exported
		ADDED from [com.evernote:android-job:1.1.11] AndroidManifest.xml:19:13-37
	android:permission
		ADDED from [com.evernote:android-job:1.1.11] AndroidManifest.xml:20:13-69
	android:name
		ADDED from [com.evernote:android-job:1.1.11] AndroidManifest.xml:18:13-75
service#com.evernote.android.job.v14.PlatformAlarmService
ADDED from [com.evernote:android-job:1.1.11] AndroidManifest.xml:21:9-23:40
	android:exported
		ADDED from [com.evernote:android-job:1.1.11] AndroidManifest.xml:23:13-37
	android:name
		ADDED from [com.evernote:android-job:1.1.11] AndroidManifest.xml:22:13-77
receiver#com.evernote.android.job.v14.PlatformAlarmReceiver
ADDED from [com.evernote:android-job:1.1.11] AndroidManifest.xml:25:9-34:20
	android:exported
		ADDED from [com.evernote:android-job:1.1.11] AndroidManifest.xml:27:13-37
	android:name
		ADDED from [com.evernote:android-job:1.1.11] AndroidManifest.xml:26:13-78
intent-filter#com.evernote.android.job.v14.RUN_JOB+net.vrallev.android.job.v14.RUN_JOB
ADDED from [com.evernote:android-job:1.1.11] AndroidManifest.xml:28:13-33:29
action#com.evernote.android.job.v14.RUN_JOB
ADDED from [com.evernote:android-job:1.1.11] AndroidManifest.xml:31:17-79
	android:name
		ADDED from [com.evernote:android-job:1.1.11] AndroidManifest.xml:31:25-76
action#net.vrallev.android.job.v14.RUN_JOB
ADDED from [com.evernote:android-job:1.1.11] AndroidManifest.xml:32:17-78
	android:name
		ADDED from [com.evernote:android-job:1.1.11] AndroidManifest.xml:32:25-75
receiver#com.evernote.android.job.JobBootReceiver
ADDED from [com.evernote:android-job:1.1.11] AndroidManifest.xml:35:9-44:20
	android:exported
		ADDED from [com.evernote:android-job:1.1.11] AndroidManifest.xml:37:13-37
	android:name
		ADDED from [com.evernote:android-job:1.1.11] AndroidManifest.xml:36:13-68
intent-filter#android.intent.action.BOOT_COMPLETED+android.intent.action.MY_PACKAGE_REPLACED+android.intent.action.QUICKBOOT_POWERON+com.htc.intent.action.QUICKBOOT_POWERON
ADDED from [com.evernote:android-job:1.1.11] AndroidManifest.xml:38:13-43:29
action#android.intent.action.BOOT_COMPLETED
ADDED from [com.evernote:android-job:1.1.11] AndroidManifest.xml:39:17-79
	android:name
		ADDED from [com.evernote:android-job:1.1.11] AndroidManifest.xml:39:25-76
action#android.intent.action.QUICKBOOT_POWERON
ADDED from [com.evernote:android-job:1.1.11] AndroidManifest.xml:40:17-82
	android:name
		ADDED from [com.evernote:android-job:1.1.11] AndroidManifest.xml:40:25-79
action#com.htc.intent.action.QUICKBOOT_POWERON
ADDED from [com.evernote:android-job:1.1.11] AndroidManifest.xml:41:17-82
	android:name
		ADDED from [com.evernote:android-job:1.1.11] AndroidManifest.xml:41:25-79
action#android.intent.action.MY_PACKAGE_REPLACED
ADDED from [com.evernote:android-job:1.1.11] AndroidManifest.xml:42:17-84
	android:name
		ADDED from [com.evernote:android-job:1.1.11] AndroidManifest.xml:42:25-81
service#com.evernote.android.job.gcm.PlatformGcmService
ADDED from [com.evernote:android-job:1.1.11] AndroidManifest.xml:46:9-54:19
	android:enabled
		ADDED from [com.evernote:android-job:1.1.11] AndroidManifest.xml:48:13-36
	android:exported
		ADDED from [com.evernote:android-job:1.1.11] AndroidManifest.xml:49:13-36
	android:permission
		ADDED from [com.evernote:android-job:1.1.11] AndroidManifest.xml:50:13-93
	android:name
		ADDED from [com.evernote:android-job:1.1.11] AndroidManifest.xml:47:13-75
intent-filter#com.google.android.gms.gcm.ACTION_TASK_READY
ADDED from [com.evernote:android-job:1.1.11] AndroidManifest.xml:51:13-53:29
action#com.google.android.gms.gcm.ACTION_TASK_READY
ADDED from [com.evernote:android-job:1.1.11] AndroidManifest.xml:52:17-87
	android:name
		ADDED from [com.evernote:android-job:1.1.11] AndroidManifest.xml:52:25-84
service#com.evernote.android.job.JobRescheduleService
ADDED from [com.evernote:android-job:1.1.11] AndroidManifest.xml:55:9-57:40
	android:exported
		ADDED from [com.evernote:android-job:1.1.11] AndroidManifest.xml:57:13-37
	android:name
		ADDED from [com.evernote:android-job:1.1.11] AndroidManifest.xml:56:13-73
activity#com.google.android.gms.auth.api.signin.internal.SignInHubActivity
ADDED from [com.google.android.gms:play-services-auth:11.0.4] AndroidManifest.xml:20:9-189
	android:excludeFromRecents
		ADDED from [com.google.android.gms:play-services-auth:11.0.4] AndroidManifest.xml:20:129-162
	android:exported
		ADDED from [com.google.android.gms:play-services-auth:11.0.4] AndroidManifest.xml:20:163-187
	android:theme
		ADDED from [com.google.android.gms:play-services-auth:11.0.4] AndroidManifest.xml:20:69-128
	android:name
		ADDED from [com.google.android.gms:play-services-auth:11.0.4] AndroidManifest.xml:20:19-68
service#com.google.android.gms.auth.api.signin.RevocationBoundService
ADDED from [com.google.android.gms:play-services-auth:11.0.4] AndroidManifest.xml:24:9-184
	android:exported
		ADDED from [com.google.android.gms:play-services-auth:11.0.4] AndroidManifest.xml:24:64-87
	android:permission
		ADDED from [com.google.android.gms:play-services-auth:11.0.4] AndroidManifest.xml:24:88-182
	android:name
		ADDED from [com.google.android.gms:play-services-auth:11.0.4] AndroidManifest.xml:24:18-63
activity#com.google.android.gms.common.api.GoogleApiActivity
ADDED from [com.google.android.gms:play-services-base:11.0.4] AndroidManifest.xml:19:9-172
	android:exported
		ADDED from [com.google.android.gms:play-services-base:11.0.4] AndroidManifest.xml:19:146-170
	android:theme
		ADDED from [com.google.android.gms:play-services-base:11.0.4] AndroidManifest.xml:19:86-145
	android:name
		ADDED from [com.google.android.gms:play-services-base:11.0.4] AndroidManifest.xml:19:19-85
uses-permission#android.permission.BLUETOOTH
ADDED from [NIBVA:react-native-ble-manager:unspecified] AndroidManifest.xml:7:5-68
	android:name
		ADDED from [NIBVA:react-native-ble-manager:unspecified] AndroidManifest.xml:7:22-65
uses-permission#android.permission.BLUETOOTH_ADMIN
ADDED from [NIBVA:react-native-ble-manager:unspecified] AndroidManifest.xml:8:5-74
	android:name
		ADDED from [NIBVA:react-native-ble-manager:unspecified] AndroidManifest.xml:8:22-71
uses-permission#android.permission.ACCESS_COARSE_LOCATION
ADDED from [NIBVA:react-native-ble-manager:unspecified] AndroidManifest.xml:9:5-81
	android:name
		ADDED from [NIBVA:react-native-ble-manager:unspecified] AndroidManifest.xml:9:22-78
uses-feature#android.hardware.bluetooth_le
ADDED from [NIBVA:react-native-ble-manager:unspecified] AndroidManifest.xml:11:5-13:35
	android:required
		ADDED from [NIBVA:react-native-ble-manager:unspecified] AndroidManifest.xml:13:9-32
	android:name
		ADDED from [NIBVA:react-native-ble-manager:unspecified] AndroidManifest.xml:12:9-53
android:uses-permission#android.permission.WRITE_EXTERNAL_STORAGE
IMPLIED from src/main/AndroidManifest.xml:1:1-26:12 reason: org.webkit.android_jsc has a targetSdkVersion < 4
android:uses-permission#android.permission.READ_PHONE_STATE
IMPLIED from src/main/AndroidManifest.xml:1:1-26:12 reason: org.webkit.android_jsc has a targetSdkVersion < 4
android:uses-permission#android.permission.READ_EXTERNAL_STORAGE
IMPLIED from src/main/AndroidManifest.xml:1:1-26:12 reason: org.webkit.android_jsc requested WRITE_EXTERNAL_STORAGE
receiver#com.google.android.gms.measurement.AppMeasurementReceiver
ADDED from [com.google.firebase:firebase-analytics:11.0.4] AndroidManifest.xml:25:7-26:18
MERGED from [com.google.firebase:firebase-analytics-impl:11.0.4] AndroidManifest.xml:25:7-26:18
	android:enabled
		ADDED from [com.google.firebase:firebase-analytics:11.0.4] AndroidManifest.xml:25:90-112
	android:exported
		ADDED from [com.google.firebase:firebase-analytics:11.0.4] AndroidManifest.xml:25:113-137
	android:name
		ADDED from [com.google.firebase:firebase-analytics:11.0.4] AndroidManifest.xml:25:17-89
receiver#com.google.android.gms.measurement.AppMeasurementInstallReferrerReceiver
ADDED from [com.google.firebase:firebase-analytics:11.0.4] AndroidManifest.xml:27:7-31:18
	android:enabled
		ADDED from [com.google.firebase:firebase-analytics:11.0.4] AndroidManifest.xml:27:162-184
	android:exported
		ADDED from [com.google.firebase:firebase-analytics:11.0.4] AndroidManifest.xml:27:185-208
	android:permission
		ADDED from [com.google.firebase:firebase-analytics:11.0.4] AndroidManifest.xml:27:105-161
	android:name
		ADDED from [com.google.firebase:firebase-analytics:11.0.4] AndroidManifest.xml:27:17-104
intent-filter#com.android.vending.INSTALL_REFERRER
ADDED from [com.google.firebase:firebase-analytics:11.0.4] AndroidManifest.xml:28:11-30:27
action#com.android.vending.INSTALL_REFERRER
ADDED from [com.google.firebase:firebase-analytics:11.0.4] AndroidManifest.xml:29:15-76
	android:name
		ADDED from [com.google.firebase:firebase-analytics:11.0.4] AndroidManifest.xml:29:23-74
service#com.google.android.gms.measurement.AppMeasurementService
ADDED from [com.google.firebase:firebase-analytics:11.0.4] AndroidManifest.xml:32:7-137
MERGED from [com.google.firebase:firebase-analytics-impl:11.0.4] AndroidManifest.xml:27:7-137
	android:enabled
		ADDED from [com.google.firebase:firebase-analytics:11.0.4] AndroidManifest.xml:32:88-110
	android:exported
		ADDED from [com.google.firebase:firebase-analytics:11.0.4] AndroidManifest.xml:32:111-135
	android:name
		ADDED from [com.google.firebase:firebase-analytics:11.0.4] AndroidManifest.xml:32:16-87
service#com.google.android.gms.measurement.AppMeasurementJobService
ADDED from [com.google.firebase:firebase-analytics:11.0.4] AndroidManifest.xml:33:7-197
	android:enabled
		ADDED from [com.google.firebase:firebase-analytics:11.0.4] AndroidManifest.xml:33:148-170
	android:exported
		ADDED from [com.google.firebase:firebase-analytics:11.0.4] AndroidManifest.xml:33:171-195
	android:permission
		ADDED from [com.google.firebase:firebase-analytics:11.0.4] AndroidManifest.xml:33:91-147
	android:name
		ADDED from [com.google.firebase:firebase-analytics:11.0.4] AndroidManifest.xml:33:16-90
uses-permission#com.google.android.c2dm.permission.RECEIVE
ADDED from [com.google.firebase:firebase-iid:11.0.4] AndroidManifest.xml:22:5-81
	android:name
		ADDED from [com.google.firebase:firebase-iid:11.0.4] AndroidManifest.xml:22:22-79
permission#${applicationId}.permission.C2D_MESSAGE
ADDED from [com.google.firebase:firebase-iid:11.0.4] AndroidManifest.xml:24:5-109
	android:protectionLevel
		ADDED from [com.google.firebase:firebase-iid:11.0.4] AndroidManifest.xml:24:72-107
	android:name
		ADDED from [com.google.firebase:firebase-iid:11.0.4] AndroidManifest.xml:24:17-71
uses-permission#${applicationId}.permission.C2D_MESSAGE
ADDED from [com.google.firebase:firebase-iid:11.0.4] AndroidManifest.xml:26:5-78
	android:name
		ADDED from [com.google.firebase:firebase-iid:11.0.4] AndroidManifest.xml:26:22-76
receiver#com.google.firebase.iid.FirebaseInstanceIdReceiver
ADDED from [com.google.firebase:firebase-iid:11.0.4] AndroidManifest.xml:30:9-35:20
	android:exported
		ADDED from [com.google.firebase:firebase-iid:11.0.4] AndroidManifest.xml:30:85-108
	android:permission
		ADDED from [com.google.firebase:firebase-iid:11.0.4] AndroidManifest.xml:30:109-169
	android:name
		ADDED from [com.google.firebase:firebase-iid:11.0.4] AndroidManifest.xml:30:19-84
intent-filter#${applicationId}+com.google.android.c2dm.intent.RECEIVE
ADDED from [com.google.firebase:firebase-iid:11.0.4] AndroidManifest.xml:31:13-34:29
action#com.google.android.c2dm.intent.RECEIVE
ADDED from [com.google.firebase:firebase-iid:11.0.4] AndroidManifest.xml:32:17-80
	android:name
		ADDED from [com.google.firebase:firebase-iid:11.0.4] AndroidManifest.xml:32:25-78
category#${applicationId}
ADDED from [com.google.firebase:firebase-iid:11.0.4] AndroidManifest.xml:33:17-60
	android:name
		ADDED from [com.google.firebase:firebase-iid:11.0.4] AndroidManifest.xml:33:27-58
receiver#com.google.firebase.iid.FirebaseInstanceIdInternalReceiver
ADDED from [com.google.firebase:firebase-iid:11.0.4] AndroidManifest.xml:39:9-119
	android:exported
		ADDED from [com.google.firebase:firebase-iid:11.0.4] AndroidManifest.xml:39:93-117
	android:name
		ADDED from [com.google.firebase:firebase-iid:11.0.4] AndroidManifest.xml:39:19-92
service#com.google.firebase.iid.FirebaseInstanceIdService
ADDED from [com.google.firebase:firebase-iid:11.0.4] AndroidManifest.xml:43:9-47:19
	android:exported
		ADDED from [com.google.firebase:firebase-iid:11.0.4] AndroidManifest.xml:43:83-106
	android:name
		ADDED from [com.google.firebase:firebase-iid:11.0.4] AndroidManifest.xml:43:18-82
intent-filter#com.google.firebase.INSTANCE_ID_EVENT
ADDED from [com.google.firebase:firebase-iid:11.0.4] AndroidManifest.xml:44:13-46:29
	android:priority
		ADDED from [com.google.firebase:firebase-iid:11.0.4] AndroidManifest.xml:44:28-51
action#com.google.firebase.INSTANCE_ID_EVENT
ADDED from [com.google.firebase:firebase-iid:11.0.4] AndroidManifest.xml:45:17-79
	android:name
		ADDED from [com.google.firebase:firebase-iid:11.0.4] AndroidManifest.xml:45:25-77
provider#com.google.firebase.provider.FirebaseInitProvider
ADDED from [com.google.firebase:firebase-common:11.0.4] AndroidManifest.xml:6:9-194
	android:authorities
		ADDED from [com.google.firebase:firebase-common:11.0.4] AndroidManifest.xml:6:19-78
	android:exported
		ADDED from [com.google.firebase:firebase-common:11.0.4] AndroidManifest.xml:6:144-168
	android:initOrder
		ADDED from [com.google.firebase:firebase-common:11.0.4] AndroidManifest.xml:6:169-192
	android:name
		ADDED from [com.google.firebase:firebase-common:11.0.4] AndroidManifest.xml:6:79-143
meta-data#com.google.android.gms.version
ADDED from [com.google.android.gms:play-services-basement:11.0.4] AndroidManifest.xml:20:9-121
	android:value
		ADDED from [com.google.android.gms:play-services-basement:11.0.4] AndroidManifest.xml:20:66-119
	android:name
		ADDED from [com.google.android.gms:play-services-basement:11.0.4] AndroidManifest.xml:20:20-65